<?xml version="1.0" encoding="UTF-8"?>
<!-- Generated by org.testng.reporters.JUnitReportReporter -->
<testsuite skipped="0" hostname="DESKTOP-2RBEILO" name="sample2.copy.BingTest" tests="1" failures="0" timestamp="12 May 2022 04:16:05 GMT" time="4.885" errors="0">
  <testcase name="BingTest" time="4.885" classname="sample2.copy.BingTest"/>
</testsuite> <!-- sample2.copy.BingTest -->
