<?xml version="1.0" encoding="UTF-8"?>
<!-- Generated by org.testng.reporters.JUnitReportReporter -->
<testsuite skipped="0" hostname="DESKTOP-2RBEILO" name="sample2.BingTest" tests="1" failures="0" timestamp="13 May 2022 04:39:20 GMT" time="10.073" errors="0">
  <testcase name="BingTest" time="10.073" classname="sample2.BingTest"/>
</testsuite> <!-- sample2.BingTest -->
