<?xml version="1.0" encoding="UTF-8"?>
<!-- Generated by org.testng.reporters.JUnitReportReporter -->
<testsuite skipped="0" hostname="DESKTOP-2RBEILO" name="sample1.GoogleTest" tests="1" failures="0" timestamp="13 May 2022 04:39:20 GMT" time="5.567" errors="0">
  <testcase name="GoogleTest" time="5.567" classname="sample1.GoogleTest"/>
</testsuite> <!-- sample1.GoogleTest -->
